
**** Build of configuration Debug for project spp_ble_server_cc2650lp_app ****

"C:\\BLE\\App\\ccsv7\\utils\\bin\\gmake" -k -j 8 all -O 
 
'Building file: "C:/BLE/ti/simplelink/ble_examples-ble_examples-2.2/src/examples/spp_ble_server/cc26xx/app/main.c"'
'Invoking: ARM Compiler'
"C:/BLE/App/ccsv7/tools/compiler/ti-cgt-arm_16.9.6.LTS/bin/armcl" --cmd_file="C:/BLE/ti/simplelink/ble_sdk_2_02_01_18/src/config/build_components.opt" --cmd_file="C:/BLE/ti/simplelink/ble_examples-ble_examples-2.2/examples/cc2650lp/spp_ble_server/ccs/app/../../iar/stack/build_config.opt" --cmd_file="C:/BLE/ti/simplelink/ble_examples-ble_examples-2.2/examples/cc2650lp/spp_ble_server/ccs/app/../config/ccs_compiler_defines.bcfg"  -mv7M3 --code_state=16 --float_support=vfplib -me -O4 --opt_for_speed=0 --include_path="C:/BLE/WSA/spp_ble_server_cc2650lp_app" --include_path="C:/BLE/ti/simplelink/ble_sdk_2_02_01_18/src/inc" --include_path="C:/BLE/ti/simplelink/ble_sdk_2_02_01_18/src/controller/cc26xx/inc" --include_path="C:/BLE/ti/simplelink/ble_sdk_2_02_01_18/src/common/cc26xx" --include_path="C:/BLE/ti/simplelink/ble_sdk_2_02_01_18/src/icall/inc" --include_path="C:/BLE/ti/simplelink/ble_sdk_2_02_01_18/src/inc" --include_path="C:/BLE/ti/simplelink/ble_sdk_2_02_01_18/src/profiles/dev_info" --include_path="C:/BLE/ti/simplelink/ble_sdk_2_02_01_18/src/profiles/roles/" --include_path="C:/BLE/ti/simplelink/ble_sdk_2_02_01_18/src/profiles/roles/cc26xx" --include_path="C:/BLE/ti/simplelink/ble_examples-ble_examples-2.2/src/profiles/serial_port" --include_path="C:/BLE/ti/simplelink/ble_examples-ble_examples-2.2/src/profiles/serial_port/cc26xx" --include_path="C:/BLE/ti/simplelink/ble_examples-ble_examples-2.2/src/examples/spp_ble_server/cc26xx/app" --include_path="C:/BLE/ti/simplelink/ble_sdk_2_02_01_18/src/target" --include_path="C:/BLE/ti/simplelink/ble_sdk_2_02_01_18/src/components/hal/src/inc" --include_path="C:/BLE/ti/simplelink/ble_sdk_2_02_01_18/src/components/hal/src/target/_common" --include_path="C:/BLE/ti/simplelink/ble_sdk_2_02_01_18/src/components/hal/src/target/_common/cc26xx" --include_path="C:/BLE/ti/simplelink/ble_sdk_2_02_01_18/src/components/heapmgr" --include_path="C:/BLE/ti/simplelink/ble_sdk_2_02_01_18/src/components/icall/src/inc" --include_path="C:/BLE/ti/simplelink/ble_sdk_2_02_01_18/src/components/osal/src/inc" --include_path="C:/BLE/ti/simplelink/ble_sdk_2_02_01_18/src/components/services/src/saddr" --include_path="C:/BLE/ti/simplelink/ble_sdk_2_02_01_18/src/components/services/src/sdata" --include_path="C:/BLE/ti/simplelink/ble_examples-ble_examples-2.2/src/components/sdi" --include_path="C:/BLE/ti/tirtos_cc13xx_cc26xx_2_20_01_08/products/cc26xxware_2_24_02_17393" --include_path="C:/BLE/ti/tirtos_cc13xx_cc26xx_2_20_01_08/products/tidrivers_cc13xx_cc26xx_2_20_01_10/packages" --include_path="C:/BLE/App/ccsv7/tools/compiler/ti-cgt-arm_16.9.6.LTS/include" --define=USE_ICALL --define=MAX_PDU_SIZE=135 --define=xPOWER_SAVING --define=SDI_USE_UART --define=DEBUG_SIMPLE --define=HEAPMGR_SIZE=0 --define=Display_DISABLE_ALL --define=xBOARD_DISPLAY_EXCLUDE_UART --define=xBOARD_DISPLAY_EXCLUDE_LCD --define=GAPperipheralROLE_NUM_RSSI_LINKS=1 --define=ICALL_MAX_NUM_TASKS=4 --define=ICALL_MAX_NUM_ENTITIES=6 --define=xdc_runtime_Assert_DISABLE_ALL --define=xdc_runtime_Log_DISABLE_ALL --define=xCC2650_LAUNCHXL --define=CC2650DK_4XS --define=xBOOSTXL_CC2650MA --define=CC26XXWARE --define=CC26XX -g --c99 --relaxed_ansi --plain_char=unsigned --diag_suppress=48 --diag_warning=225 --diag_wrap=off --display_error_number --gen_func_subsections=on --embedded_constants=on --unaligned_access=on --enum_type=packed --wchar_t=16 --abi=eabi --common=on --fp_reassoc=off --sat_reassoc=off --preproc_with_compile --preproc_dependency="Startup/main.d_raw" --obj_directory="Startup" --cmd_file="configPkg/compiler.opt" "C:/BLE/ti/simplelink/ble_examples-ble_examples-2.2/src/examples/spp_ble_server/cc26xx/app/main.c"
'Finished building: "C:/BLE/ti/simplelink/ble_examples-ble_examples-2.2/src/examples/spp_ble_server/cc26xx/app/main.c"'
 
'Building file: "C:/BLE/ti/simplelink/ble_sdk_2_02_01_18/src/icall/app/ble_user_config.c"'
'Invoking: ARM Compiler'
"C:/BLE/App/ccsv7/tools/compiler/ti-cgt-arm_16.9.6.LTS/bin/armcl" --cmd_file="C:/BLE/ti/simplelink/ble_sdk_2_02_01_18/src/config/build_components.opt" --cmd_file="C:/BLE/ti/simplelink/ble_examples-ble_examples-2.2/examples/cc2650lp/spp_ble_server/ccs/app/../../iar/stack/build_config.opt" --cmd_file="C:/BLE/ti/simplelink/ble_examples-ble_examples-2.2/examples/cc2650lp/spp_ble_server/ccs/app/../config/ccs_compiler_defines.bcfg"  -mv7M3 --code_state=16 --float_support=vfplib -me -O4 --opt_for_speed=0 --include_path="C:/BLE/WSA/spp_ble_server_cc2650lp_app" --include_path="C:/BLE/ti/simplelink/ble_sdk_2_02_01_18/src/inc" --include_path="C:/BLE/ti/simplelink/ble_sdk_2_02_01_18/src/controller/cc26xx/inc" --include_path="C:/BLE/ti/simplelink/ble_sdk_2_02_01_18/src/common/cc26xx" --include_path="C:/BLE/ti/simplelink/ble_sdk_2_02_01_18/src/icall/inc" --include_path="C:/BLE/ti/simplelink/ble_sdk_2_02_01_18/src/inc" --include_path="C:/BLE/ti/simplelink/ble_sdk_2_02_01_18/src/profiles/dev_info" --include_path="C:/BLE/ti/simplelink/ble_sdk_2_02_01_18/src/profiles/roles/" --include_path="C:/BLE/ti/simplelink/ble_sdk_2_02_01_18/src/profiles/roles/cc26xx" --include_path="C:/BLE/ti/simplelink/ble_examples-ble_examples-2.2/src/profiles/serial_port" --include_path="C:/BLE/ti/simplelink/ble_examples-ble_examples-2.2/src/profiles/serial_port/cc26xx" --include_path="C:/BLE/ti/simplelink/ble_examples-ble_examples-2.2/src/examples/spp_ble_server/cc26xx/app" --include_path="C:/BLE/ti/simplelink/ble_sdk_2_02_01_18/src/target" --include_path="C:/BLE/ti/simplelink/ble_sdk_2_02_01_18/src/components/hal/src/inc" --include_path="C:/BLE/ti/simplelink/ble_sdk_2_02_01_18/src/components/hal/src/target/_common" --include_path="C:/BLE/ti/simplelink/ble_sdk_2_02_01_18/src/components/hal/src/target/_common/cc26xx" --include_path="C:/BLE/ti/simplelink/ble_sdk_2_02_01_18/src/components/heapmgr" --include_path="C:/BLE/ti/simplelink/ble_sdk_2_02_01_18/src/components/icall/src/inc" --include_path="C:/BLE/ti/simplelink/ble_sdk_2_02_01_18/src/components/osal/src/inc" --include_path="C:/BLE/ti/simplelink/ble_sdk_2_02_01_18/src/components/services/src/saddr" --include_path="C:/BLE/ti/simplelink/ble_sdk_2_02_01_18/src/components/services/src/sdata" --include_path="C:/BLE/ti/simplelink/ble_examples-ble_examples-2.2/src/components/sdi" --include_path="C:/BLE/ti/tirtos_cc13xx_cc26xx_2_20_01_08/products/cc26xxware_2_24_02_17393" --include_path="C:/BLE/ti/tirtos_cc13xx_cc26xx_2_20_01_08/products/tidrivers_cc13xx_cc26xx_2_20_01_10/packages" --include_path="C:/BLE/App/ccsv7/tools/compiler/ti-cgt-arm_16.9.6.LTS/include" --define=USE_ICALL --define=MAX_PDU_SIZE=135 --define=xPOWER_SAVING --define=SDI_USE_UART --define=DEBUG_SIMPLE --define=HEAPMGR_SIZE=0 --define=Display_DISABLE_ALL --define=xBOARD_DISPLAY_EXCLUDE_UART --define=xBOARD_DISPLAY_EXCLUDE_LCD --define=GAPperipheralROLE_NUM_RSSI_LINKS=1 --define=ICALL_MAX_NUM_TASKS=4 --define=ICALL_MAX_NUM_ENTITIES=6 --define=xdc_runtime_Assert_DISABLE_ALL --define=xdc_runtime_Log_DISABLE_ALL --define=xCC2650_LAUNCHXL --define=CC2650DK_4XS --define=xBOOSTXL_CC2650MA --define=CC26XXWARE --define=CC26XX -g --c99 --relaxed_ansi --plain_char=unsigned --diag_suppress=48 --diag_warning=225 --diag_wrap=off --display_error_number --gen_func_subsections=on --embedded_constants=on --unaligned_access=on --enum_type=packed --wchar_t=16 --abi=eabi --common=on --fp_reassoc=off --sat_reassoc=off --preproc_with_compile --preproc_dependency="ICallBLE/ble_user_config.d_raw" --obj_directory="ICallBLE" --cmd_file="configPkg/compiler.opt" "C:/BLE/ti/simplelink/ble_sdk_2_02_01_18/src/icall/app/ble_user_config.c"
'Finished building: "C:/BLE/ti/simplelink/ble_sdk_2_02_01_18/src/icall/app/ble_user_config.c"'
 
'Building file: "C:/BLE/ti/simplelink/ble_sdk_2_02_01_18/src/components/icall/src/icall.c"'
'Invoking: ARM Compiler'
"C:/BLE/App/ccsv7/tools/compiler/ti-cgt-arm_16.9.6.LTS/bin/armcl" --cmd_file="C:/BLE/ti/simplelink/ble_sdk_2_02_01_18/src/config/build_components.opt" --cmd_file="C:/BLE/ti/simplelink/ble_examples-ble_examples-2.2/examples/cc2650lp/spp_ble_server/ccs/app/../../iar/stack/build_config.opt" --cmd_file="C:/BLE/ti/simplelink/ble_examples-ble_examples-2.2/examples/cc2650lp/spp_ble_server/ccs/app/../config/ccs_compiler_defines.bcfg"  -mv7M3 --code_state=16 --float_support=vfplib -me -O4 --opt_for_speed=0 --include_path="C:/BLE/WSA/spp_ble_server_cc2650lp_app" --include_path="C:/BLE/ti/simplelink/ble_sdk_2_02_01_18/src/inc" --include_path="C:/BLE/ti/simplelink/ble_sdk_2_02_01_18/src/controller/cc26xx/inc" --include_path="C:/BLE/ti/simplelink/ble_sdk_2_02_01_18/src/common/cc26xx" --include_path="C:/BLE/ti/simplelink/ble_sdk_2_02_01_18/src/icall/inc" --include_path="C:/BLE/ti/simplelink/ble_sdk_2_02_01_18/src/inc" --include_path="C:/BLE/ti/simplelink/ble_sdk_2_02_01_18/src/profiles/dev_info" --include_path="C:/BLE/ti/simplelink/ble_sdk_2_02_01_18/src/profiles/roles/" --include_path="C:/BLE/ti/simplelink/ble_sdk_2_02_01_18/src/profiles/roles/cc26xx" --include_path="C:/BLE/ti/simplelink/ble_examples-ble_examples-2.2/src/profiles/serial_port" --include_path="C:/BLE/ti/simplelink/ble_examples-ble_examples-2.2/src/profiles/serial_port/cc26xx" --include_path="C:/BLE/ti/simplelink/ble_examples-ble_examples-2.2/src/examples/spp_ble_server/cc26xx/app" --include_path="C:/BLE/ti/simplelink/ble_sdk_2_02_01_18/src/target" --include_path="C:/BLE/ti/simplelink/ble_sdk_2_02_01_18/src/components/hal/src/inc" --include_path="C:/BLE/ti/simplelink/ble_sdk_2_02_01_18/src/components/hal/src/target/_common" --include_path="C:/BLE/ti/simplelink/ble_sdk_2_02_01_18/src/components/hal/src/target/_common/cc26xx" --include_path="C:/BLE/ti/simplelink/ble_sdk_2_02_01_18/src/components/heapmgr" --include_path="C:/BLE/ti/simplelink/ble_sdk_2_02_01_18/src/components/icall/src/inc" --include_path="C:/BLE/ti/simplelink/ble_sdk_2_02_01_18/src/components/osal/src/inc" --include_path="C:/BLE/ti/simplelink/ble_sdk_2_02_01_18/src/components/services/src/saddr" --include_path="C:/BLE/ti/simplelink/ble_sdk_2_02_01_18/src/components/services/src/sdata" --include_path="C:/BLE/ti/simplelink/ble_examples-ble_examples-2.2/src/components/sdi" --include_path="C:/BLE/ti/tirtos_cc13xx_cc26xx_2_20_01_08/products/cc26xxware_2_24_02_17393" --include_path="C:/BLE/ti/tirtos_cc13xx_cc26xx_2_20_01_08/products/tidrivers_cc13xx_cc26xx_2_20_01_10/packages" --include_path="C:/BLE/App/ccsv7/tools/compiler/ti-cgt-arm_16.9.6.LTS/include" --define=USE_ICALL --define=MAX_PDU_SIZE=135 --define=xPOWER_SAVING --define=SDI_USE_UART --define=DEBUG_SIMPLE --define=HEAPMGR_SIZE=0 --define=Display_DISABLE_ALL --define=xBOARD_DISPLAY_EXCLUDE_UART --define=xBOARD_DISPLAY_EXCLUDE_LCD --define=GAPperipheralROLE_NUM_RSSI_LINKS=1 --define=ICALL_MAX_NUM_TASKS=4 --define=ICALL_MAX_NUM_ENTITIES=6 --define=xdc_runtime_Assert_DISABLE_ALL --define=xdc_runtime_Log_DISABLE_ALL --define=xCC2650_LAUNCHXL --define=CC2650DK_4XS --define=xBOOSTXL_CC2650MA --define=CC26XXWARE --define=CC26XX -g --c99 --relaxed_ansi --plain_char=unsigned --diag_suppress=48 --diag_warning=225 --diag_wrap=off --display_error_number --gen_func_subsections=on --embedded_constants=on --unaligned_access=on --enum_type=packed --wchar_t=16 --abi=eabi --common=on --fp_reassoc=off --sat_reassoc=off --preproc_with_compile --preproc_dependency="ICall/icall.d_raw" --obj_directory="ICall" --cmd_file="configPkg/compiler.opt" "C:/BLE/ti/simplelink/ble_sdk_2_02_01_18/src/components/icall/src/icall.c"
'Finished building: "C:/BLE/ti/simplelink/ble_sdk_2_02_01_18/src/components/icall/src/icall.c"'
 
'Building file: "C:/BLE/ti/simplelink/ble_sdk_2_02_01_18/src/profiles/roles/cc26xx/peripheral.c"'
'Invoking: ARM Compiler'
"C:/BLE/App/ccsv7/tools/compiler/ti-cgt-arm_16.9.6.LTS/bin/armcl" --cmd_file="C:/BLE/ti/simplelink/ble_sdk_2_02_01_18/src/config/build_components.opt" --cmd_file="C:/BLE/ti/simplelink/ble_examples-ble_examples-2.2/examples/cc2650lp/spp_ble_server/ccs/app/../../iar/stack/build_config.opt" --cmd_file="C:/BLE/ti/simplelink/ble_examples-ble_examples-2.2/examples/cc2650lp/spp_ble_server/ccs/app/../config/ccs_compiler_defines.bcfg"  -mv7M3 --code_state=16 --float_support=vfplib -me -O4 --opt_for_speed=0 --include_path="C:/BLE/WSA/spp_ble_server_cc2650lp_app" --include_path="C:/BLE/ti/simplelink/ble_sdk_2_02_01_18/src/inc" --include_path="C:/BLE/ti/simplelink/ble_sdk_2_02_01_18/src/controller/cc26xx/inc" --include_path="C:/BLE/ti/simplelink/ble_sdk_2_02_01_18/src/common/cc26xx" --include_path="C:/BLE/ti/simplelink/ble_sdk_2_02_01_18/src/icall/inc" --include_path="C:/BLE/ti/simplelink/ble_sdk_2_02_01_18/src/inc" --include_path="C:/BLE/ti/simplelink/ble_sdk_2_02_01_18/src/profiles/dev_info" --include_path="C:/BLE/ti/simplelink/ble_sdk_2_02_01_18/src/profiles/roles/" --include_path="C:/BLE/ti/simplelink/ble_sdk_2_02_01_18/src/profiles/roles/cc26xx" --include_path="C:/BLE/ti/simplelink/ble_examples-ble_examples-2.2/src/profiles/serial_port" --include_path="C:/BLE/ti/simplelink/ble_examples-ble_examples-2.2/src/profiles/serial_port/cc26xx" --include_path="C:/BLE/ti/simplelink/ble_examples-ble_examples-2.2/src/examples/spp_ble_server/cc26xx/app" --include_path="C:/BLE/ti/simplelink/ble_sdk_2_02_01_18/src/target" --include_path="C:/BLE/ti/simplelink/ble_sdk_2_02_01_18/src/components/hal/src/inc" --include_path="C:/BLE/ti/simplelink/ble_sdk_2_02_01_18/src/components/hal/src/target/_common" --include_path="C:/BLE/ti/simplelink/ble_sdk_2_02_01_18/src/components/hal/src/target/_common/cc26xx" --include_path="C:/BLE/ti/simplelink/ble_sdk_2_02_01_18/src/components/heapmgr" --include_path="C:/BLE/ti/simplelink/ble_sdk_2_02_01_18/src/components/icall/src/inc" --include_path="C:/BLE/ti/simplelink/ble_sdk_2_02_01_18/src/components/osal/src/inc" --include_path="C:/BLE/ti/simplelink/ble_sdk_2_02_01_18/src/components/services/src/saddr" --include_path="C:/BLE/ti/simplelink/ble_sdk_2_02_01_18/src/components/services/src/sdata" --include_path="C:/BLE/ti/simplelink/ble_examples-ble_examples-2.2/src/components/sdi" --include_path="C:/BLE/ti/tirtos_cc13xx_cc26xx_2_20_01_08/products/cc26xxware_2_24_02_17393" --include_path="C:/BLE/ti/tirtos_cc13xx_cc26xx_2_20_01_08/products/tidrivers_cc13xx_cc26xx_2_20_01_10/packages" --include_path="C:/BLE/App/ccsv7/tools/compiler/ti-cgt-arm_16.9.6.LTS/include" --define=USE_ICALL --define=MAX_PDU_SIZE=135 --define=xPOWER_SAVING --define=SDI_USE_UART --define=DEBUG_SIMPLE --define=HEAPMGR_SIZE=0 --define=Display_DISABLE_ALL --define=xBOARD_DISPLAY_EXCLUDE_UART --define=xBOARD_DISPLAY_EXCLUDE_LCD --define=GAPperipheralROLE_NUM_RSSI_LINKS=1 --define=ICALL_MAX_NUM_TASKS=4 --define=ICALL_MAX_NUM_ENTITIES=6 --define=xdc_runtime_Assert_DISABLE_ALL --define=xdc_runtime_Log_DISABLE_ALL --define=xCC2650_LAUNCHXL --define=CC2650DK_4XS --define=xBOOSTXL_CC2650MA --define=CC26XXWARE --define=CC26XX -g --c99 --relaxed_ansi --plain_char=unsigned --diag_suppress=48 --diag_warning=225 --diag_wrap=off --display_error_number --gen_func_subsections=on --embedded_constants=on --unaligned_access=on --enum_type=packed --wchar_t=16 --abi=eabi --common=on --fp_reassoc=off --sat_reassoc=off --preproc_with_compile --preproc_dependency="Profiles/peripheral.d_raw" --obj_directory="Profiles" --cmd_file="configPkg/compiler.opt" "C:/BLE/ti/simplelink/ble_sdk_2_02_01_18/src/profiles/roles/cc26xx/peripheral.c"
'Finished building: "C:/BLE/ti/simplelink/ble_sdk_2_02_01_18/src/profiles/roles/cc26xx/peripheral.c"'
 
'Building target: "spp_ble_server_cc2650lp_app.out"'
'Invoking: ARM Linker'
"C:/BLE/App/ccsv7/tools/compiler/ti-cgt-arm_16.9.6.LTS/bin/armcl" --cmd_file="C:/BLE/ti/simplelink/ble_sdk_2_02_01_18/src/config/build_components.opt" --cmd_file="C:/BLE/ti/simplelink/ble_examples-ble_examples-2.2/examples/cc2650lp/spp_ble_server/ccs/app/../../iar/stack/build_config.opt" --cmd_file="C:/BLE/ti/simplelink/ble_examples-ble_examples-2.2/examples/cc2650lp/spp_ble_server/ccs/app/../config/ccs_compiler_defines.bcfg"  -mv7M3 --code_state=16 --float_support=vfplib -me -O4 --opt_for_speed=0 --define=USE_ICALL --define=MAX_PDU_SIZE=135 --define=xPOWER_SAVING --define=SDI_USE_UART --define=DEBUG_SIMPLE --define=HEAPMGR_SIZE=0 --define=Display_DISABLE_ALL --define=xBOARD_DISPLAY_EXCLUDE_UART --define=xBOARD_DISPLAY_EXCLUDE_LCD --define=GAPperipheralROLE_NUM_RSSI_LINKS=1 --define=ICALL_MAX_NUM_TASKS=4 --define=ICALL_MAX_NUM_ENTITIES=6 --define=xdc_runtime_Assert_DISABLE_ALL --define=xdc_runtime_Log_DISABLE_ALL --define=xCC2650_LAUNCHXL --define=CC2650DK_4XS --define=xBOOSTXL_CC2650MA --define=CC26XXWARE --define=CC26XX -g --c99 --relaxed_ansi --plain_char=unsigned --diag_suppress=48 --diag_warning=225 --diag_wrap=off --display_error_number --gen_func_subsections=on --embedded_constants=on --unaligned_access=on --enum_type=packed --wchar_t=16 --abi=eabi --common=on --fp_reassoc=off --sat_reassoc=off -z -m"spp_ble_server_cc2650lp_app.map" --heap_size=0 --stack_size=256 -i"C:/BLE/App/ccsv7/tools/compiler/ti-cgt-arm_16.9.6.LTS/lib" -i"C:/BLE/App/ccsv7/tools/compiler/ti-cgt-arm_16.9.6.LTS/include" --reread_libs --diag_suppress=10247-D --diag_suppress=16002-D --diag_wrap=off --display_error_number --warn_sections --xml_link_info="spp_ble_server_cc2650lp_app_linkInfo.xml" --rom_model --unused_section_elimination=on -o "spp_ble_server_cc2650lp_app.out" "./Application/board_key.obj" "./Application/spp_ble_server.obj" "./Application/util.obj" "./Drivers/ECC/ECCROMCC26XX.obj" "./Drivers/RF/RFCC26XX_singleMode.obj" "./Drivers/TRNG/TRNGCC26XX.obj" "./ICall/icall.obj" "./ICall/icall_cc2650.obj" "./ICallBLE/ble_user_config.obj" "./ICallBLE/icall_api.obj" "./Profiles/devinfoservice.obj" "./Profiles/gatt_uuid.obj" "./Profiles/gattservapp_util.obj" "./Profiles/peripheral.obj" "./Profiles/serial_port_service.obj" "./SDI/sdi_rxbuf.obj" "./SDI/sdi_task.obj" "./SDI/sdi_tl.obj" "./SDI/sdi_tl_uart.obj" "./Startup/board.obj" "./Startup/ccfg_app_ble.obj" "./Startup/main.obj" -l"configPkg/linker.cmd" -l"C:/BLE/ti/simplelink/ble_examples-ble_examples-2.2/examples/cc2650lp/spp_ble_server/ccs/config/ccs_linker_defines.cmd" -l"C:/BLE/ti/simplelink/ble_sdk_2_02_01_18/src/common/cc26xx/ccs/cc26xx_app.cmd" -l"C:/BLE/ti/tirtos_cc13xx_cc26xx_2_20_01_08/products/cc26xxware_2_24_02_17393/driverlib/bin/ccs/driverlib.lib" -l"C:/BLE/ti/simplelink/ble_sdk_2_02_01_18/src/rom/common_rom_releases/03282014/common_rom.symbols" -llibc.a 
<Linking>
'Finished building target: "spp_ble_server_cc2650lp_app.out"'
 
C:/BLE/App/ccsv7/tools/compiler/ti-cgt-arm_16.9.6.LTS/bin/armhex -order MS --memwidth=8 --romwidth=8 --intel -o spp_ble_server_cc2650lp_app.hex spp_ble_server_cc2650lp_app.out
Translating to Intel format...
   "spp_ble_server_cc2650lp_app.out" .resetVecs ==> .resetVecs
   "spp_ble_server_cc2650lp_app.out" .text.1 ==> .text.1
   "spp_ble_server_cc2650lp_app.out" .const:ti_sysbios_knl_Task_Object__PARAMS__C ==> .const:ti_sysbios_knl_Task_Object__PARAMS__C
   "spp_ble_server_cc2650lp_app.out" .const:ti_sysbios_knl_Mailbox_Object__PARAMS__C ==> .const:ti_sysbios_knl_Mailbox_Object__PARAMS__C
   "spp_ble_server_cc2650lp_app.out" .const:ti_sysbios_family_arm_m3_Hwi_Object__PARAMS__C ==> .const:ti_sysbios_family_arm_m3_Hwi_Object__PARAMS__C
   "spp_ble_server_cc2650lp_app.out" .const:ti_sysbios_hal_Hwi_Object__PARAMS__C ==> .const:ti_sysbios_hal_Hwi_Object__PARAMS__C
   "spp_ble_server_cc2650lp_app.out" .const:ti_sysbios_heaps_HeapMem_Module__FXNS__C ==> .const:ti_sysbios_heaps_HeapMem_Module__FXNS__C
   "spp_ble_server_cc2650lp_app.out" .const:ti_sysbios_knl_Swi_Object__PARAMS__C ==> .const:ti_sysbios_knl_Swi_Object__PARAMS__C
   "spp_ble_server_cc2650lp_app.out" .const:ti_sysbios_gates_GateHwi_Module__FXNS__C ==> .const:ti_sysbios_gates_GateHwi_Module__FXNS__C
   "spp_ble_server_cc2650lp_app.out" .const:ti_sysbios_gates_GateMutex_Module__FXNS__C ==> .const:ti_sysbios_gates_GateMutex_Module__FXNS__C
   "spp_ble_server_cc2650lp_app.out" .const:ti_sysbios_heaps_HeapMem_Object__PARAMS__C ==> .const:ti_sysbios_heaps_HeapMem_Object__PARAMS__C
   "spp_ble_server_cc2650lp_app.out" .const:ti_sysbios_knl_Clock_Object__PARAMS__C ==> .const:ti_sysbios_knl_Clock_Object__PARAMS__C
   "spp_ble_server_cc2650lp_app.out" .const:ti_sysbios_knl_Semaphore_Object__PARAMS__C ==> .const:ti_sysbios_knl_Semaphore_Object__PARAMS__C
   "spp_ble_server_cc2650lp_app.out" .const:ti_sysbios_family_arm_m3_Hwi_Object__DESC__C ==> .const:ti_sysbios_family_arm_m3_Hwi_Object__DESC__C
   "spp_ble_server_cc2650lp_app.out" .const:ti_sysbios_gates_GateHwi_Object__DESC__C ==> .const:ti_sysbios_gates_GateHwi_Object__DESC__C
   "spp_ble_server_cc2650lp_app.out" .const:ti_sysbios_gates_GateMutex_Object__DESC__C ==> .const:ti_sysbios_gates_GateMutex_Object__DESC__C
   "spp_ble_server_cc2650lp_app.out" .const:ti_sysbios_hal_Hwi_Object__DESC__C ==> .const:ti_sysbios_hal_Hwi_Object__DESC__C
   "spp_ble_server_cc2650lp_app.out" .const:ti_sysbios_heaps_HeapMem_Object__DESC__C ==> .const:ti_sysbios_heaps_HeapMem_Object__DESC__C
   "spp_ble_server_cc2650lp_app.out" .const:ti_sysbios_knl_Clock_Object__DESC__C ==> .const:ti_sysbios_knl_Clock_Object__DESC__C
   "spp_ble_server_cc2650lp_app.out" .const:ti_sysbios_knl_Mailbox_Object__DESC__C ==> .const:ti_sysbios_knl_Mailbox_Object__DESC__C
   "spp_ble_server_cc2650lp_app.out" .const:ti_sysbios_knl_Queue_Object__DESC__C ==> .const:ti_sysbios_knl_Queue_Object__DESC__C
   "spp_ble_server_cc2650lp_app.out" .const:ti_sysbios_knl_Semaphore_Object__DESC__C ==> .const:ti_sysbios_knl_Semaphore_Object__DESC__C
   "spp_ble_server_cc2650lp_app.out" .const:ti_sysbios_knl_Swi_Object__DESC__C ==> .const:ti_sysbios_knl_Swi_Object__DESC__C
   "spp_ble_server_cc2650lp_app.out" .const:ti_sysbios_knl_Task_Object__DESC__C ==> .const:ti_sysbios_knl_Task_Object__DESC__C
   "spp_ble_server_cc2650lp_app.out" .const:ti_sysbios_gates_GateHwi_Object__PARAMS__C ==> .const:ti_sysbios_gates_GateHwi_Object__PARAMS__C
   "spp_ble_server_cc2650lp_app.out" .const:ti_sysbios_gates_GateMutex_Object__PARAMS__C ==> .const:ti_sysbios_gates_GateMutex_Object__PARAMS__C
   "spp_ble_server_cc2650lp_app.out" .const:ti_sysbios_knl_Queue_Object__PARAMS__C ==> .const:ti_sysbios_knl_Queue_Object__PARAMS__C
   "spp_ble_server_cc2650lp_app.out" .const:ti_sysbios_knl_Idle_funcList__C ==> .const:ti_sysbios_knl_Idle_funcList__C
   "spp_ble_server_cc2650lp_app.out" .text.2 ==> .text.2
   "spp_ble_server_cc2650lp_app.out" .const:ti_sysbios_family_arm_cc26xx_Timer_startupNeeded__C ==> .const:ti_sysbios_family_arm_cc26xx_Timer_startupNeeded__C
   "spp_ble_server_cc2650lp_app.out" .const:ti_sysbios_family_arm_m3_Hwi_E_alreadyDefined__C ==> .const:ti_sysbios_family_arm_m3_Hwi_E_alreadyDefined__C
   "spp_ble_server_cc2650lp_app.out" .const:ti_sysbios_family_arm_m3_Hwi_E_hwiLimitExceeded__C ==> .const:ti_sysbios_family_arm_m3_Hwi_E_hwiLimitExceeded__C
   "spp_ble_server_cc2650lp_app.out" .const:ti_sysbios_family_arm_m3_Hwi_NUM_INTERRUPTS__C ==> .const:ti_sysbios_family_arm_m3_Hwi_NUM_INTERRUPTS__C
   "spp_ble_server_cc2650lp_app.out" .const:ti_sysbios_family_arm_m3_Hwi_Object__count__C ==> .const:ti_sysbios_family_arm_m3_Hwi_Object__count__C
   "spp_ble_server_cc2650lp_app.out" .const:ti_sysbios_family_arm_m3_Hwi_Object__table__C ==> .const:ti_sysbios_family_arm_m3_Hwi_Object__table__C
   "spp_ble_server_cc2650lp_app.out" .const:ti_sysbios_family_arm_m3_Hwi_ccr__C ==> .const:ti_sysbios_family_arm_m3_Hwi_ccr__C
   "spp_ble_server_cc2650lp_app.out" .const:ti_sysbios_family_arm_m3_Hwi_excHandlerFunc__C ==> .const:ti_sysbios_family_arm_m3_Hwi_excHandlerFunc__C
   "spp_ble_server_cc2650lp_app.out" .const:ti_sysbios_family_arm_m3_Hwi_nullIsrFunc__C ==> .const:ti_sysbios_family_arm_m3_Hwi_nullIsrFunc__C
   "spp_ble_server_cc2650lp_app.out" .const:ti_sysbios_family_arm_m3_Hwi_numSparseInterrupts__C ==> .const:ti_sysbios_family_arm_m3_Hwi_numSparseInterrupts__C
   "spp_ble_server_cc2650lp_app.out" .const:ti_sysbios_family_arm_m3_Hwi_priGroup__C ==> .const:ti_sysbios_family_arm_m3_Hwi_priGroup__C
   "spp_ble_server_cc2650lp_app.out" .const:ti_sysbios_family_arm_m3_TaskSupport_stackAlignment__C ==> .const:ti_sysbios_family_arm_m3_TaskSupport_stackAlignment__C
   "spp_ble_server_cc2650lp_app.out" .const:ti_sysbios_heaps_HeapMem_E_memory__C ==> .const:ti_sysbios_heaps_HeapMem_E_memory__C
   "spp_ble_server_cc2650lp_app.out" .const:ti_sysbios_heaps_HeapMem_Module__gateObj__C ==> .const:ti_sysbios_heaps_HeapMem_Module__gateObj__C
   "spp_ble_server_cc2650lp_app.out" .const:ti_sysbios_heaps_HeapMem_Object__count__C ==> .const:ti_sysbios_heaps_HeapMem_Object__count__C
   "spp_ble_server_cc2650lp_app.out" .const:ti_sysbios_heaps_HeapMem_Object__table__C ==> .const:ti_sysbios_heaps_HeapMem_Object__table__C
   "spp_ble_server_cc2650lp_app.out" .const:ti_sysbios_heaps_HeapMem_reqAlign__C ==> .const:ti_sysbios_heaps_HeapMem_reqAlign__C
   "spp_ble_server_cc2650lp_app.out" .const:ti_sysbios_knl_Clock_serviceMargin__C ==> .const:ti_sysbios_knl_Clock_serviceMargin__C
   "spp_ble_server_cc2650lp_app.out" .const:ti_sysbios_knl_Mailbox_Object__count__C ==> .const:ti_sysbios_knl_Mailbox_Object__count__C
   "spp_ble_server_cc2650lp_app.out" .const:ti_sysbios_knl_Mailbox_Object__table__C ==> .const:ti_sysbios_knl_Mailbox_Object__table__C
   "spp_ble_server_cc2650lp_app.out" .const:ti_sysbios_knl_Queue_Object__count__C ==> .const:ti_sysbios_knl_Queue_Object__count__C
   "spp_ble_server_cc2650lp_app.out" .const:ti_sysbios_knl_Queue_Object__table__C ==> .const:ti_sysbios_knl_Queue_Object__table__C
   "spp_ble_server_cc2650lp_app.out" .const:ti_sysbios_knl_Swi_Object__count__C ==> .const:ti_sysbios_knl_Swi_Object__count__C
   "spp_ble_server_cc2650lp_app.out" .const:ti_sysbios_knl_Swi_Object__table__C ==> .const:ti_sysbios_knl_Swi_Object__table__C
   "spp_ble_server_cc2650lp_app.out" .const:ti_sysbios_knl_Swi_numPriorities__C ==> .const:ti_sysbios_knl_Swi_numPriorities__C
   "spp_ble_server_cc2650lp_app.out" .const:ti_sysbios_knl_Task_Object__count__C ==> .const:ti_sysbios_knl_Task_Object__count__C
   "spp_ble_server_cc2650lp_app.out" .const:ti_sysbios_knl_Task_Object__table__C ==> .const:ti_sysbios_knl_Task_Object__table__C
   "spp_ble_server_cc2650lp_app.out" .const:ti_sysbios_knl_Task_allBlockedFunc__C ==> .const:ti_sysbios_knl_Task_allBlockedFunc__C
   "spp_ble_server_cc2650lp_app.out" .const:ti_sysbios_knl_Task_defaultStackHeap__C ==> .const:ti_sysbios_knl_Task_defaultStackHeap__C
   "spp_ble_server_cc2650lp_app.out" .const:ti_sysbios_knl_Task_defaultStackSize__C ==> .const:ti_sysbios_knl_Task_defaultStackSize__C
   "spp_ble_server_cc2650lp_app.out" .const:ti_sysbios_knl_Task_numConstructedTasks__C ==> .const:ti_sysbios_knl_Task_numConstructedTasks__C
   "spp_ble_server_cc2650lp_app.out" .text.3 ==> .text.3
   "spp_ble_server_cc2650lp_app.out" .const:ti_sysbios_family_arm_cc26xx_Timer_Module__id__C ==> .const:ti_sysbios_family_arm_cc26xx_Timer_Module__id__C
   "spp_ble_server_cc2650lp_app.out" .const:ti_sysbios_family_arm_cc26xx_TimestampProvider_useClockTimer__C ==> .const:ti_sysbios_family_arm_cc26xx_TimestampProvider_useClockTimer__C
   "spp_ble_server_cc2650lp_app.out" .const:ti_sysbios_family_arm_m3_Hwi_Module__id__C ==> .const:ti_sysbios_family_arm_m3_Hwi_Module__id__C
   "spp_ble_server_cc2650lp_app.out" .const:ti_sysbios_gates_GateHwi_Module__id__C ==> .const:ti_sysbios_gates_GateHwi_Module__id__C
   "spp_ble_server_cc2650lp_app.out" .const:ti_sysbios_gates_GateMutex_Module__id__C ==> .const:ti_sysbios_gates_GateMutex_Module__id__C
   "spp_ble_server_cc2650lp_app.out" .const:ti_sysbios_heaps_HeapMem_Module__id__C ==> .const:ti_sysbios_heaps_HeapMem_Module__id__C
   "spp_ble_server_cc2650lp_app.out" .const:ti_sysbios_knl_Task_initStackFlag__C ==> .const:ti_sysbios_knl_Task_initStackFlag__C
   "spp_ble_server_cc2650lp_app.out" .const:ti_sysbios_knl_Clock_tickMode__C ==> .const:ti_sysbios_knl_Clock_tickMode__C
   "spp_ble_server_cc2650lp_app.out" .const:xdc_runtime_Startup_firstFxns__C ==> .const:xdc_runtime_Startup_firstFxns__C
   "spp_ble_server_cc2650lp_app.out" .const:xdc_runtime_Startup_lastFxns__C ==> .const:xdc_runtime_Startup_lastFxns__C
   "spp_ble_server_cc2650lp_app.out" .const:xdc_runtime_Assert_E_assertFailed__C ==> .const:xdc_runtime_Assert_E_assertFailed__C
   "spp_ble_server_cc2650lp_app.out" .const:xdc_runtime_Error_E_memory__C ==> .const:xdc_runtime_Error_E_memory__C
   "spp_ble_server_cc2650lp_app.out" .const:xdc_runtime_Error_policyFxn__C ==> .const:xdc_runtime_Error_policyFxn__C
   "spp_ble_server_cc2650lp_app.out" .const:xdc_runtime_IGateProvider_Interface__BASE__C ==> .const:xdc_runtime_IGateProvider_Interface__BASE__C
   "spp_ble_server_cc2650lp_app.out" .const:xdc_runtime_IHeap_Interface__BASE__C ==> .const:xdc_runtime_IHeap_Interface__BASE__C
   "spp_ble_server_cc2650lp_app.out" .const:xdc_runtime_IModule_Interface__BASE__C ==> .const:xdc_runtime_IModule_Interface__BASE__C
   "spp_ble_server_cc2650lp_app.out" .const:xdc_runtime_Main_Module__diagsEnabled__C ==> .const:xdc_runtime_Main_Module__diagsEnabled__C
   "spp_ble_server_cc2650lp_app.out" .const:xdc_runtime_Main_Module__diagsIncluded__C ==> .const:xdc_runtime_Main_Module__diagsIncluded__C
   "spp_ble_server_cc2650lp_app.out" .const:xdc_runtime_Main_Module__diagsMask__C ==> .const:xdc_runtime_Main_Module__diagsMask__C
   "spp_ble_server_cc2650lp_app.out" .const:xdc_runtime_Memory_defaultHeapInstance__C ==> .const:xdc_runtime_Memory_defaultHeapInstance__C
   "spp_ble_server_cc2650lp_app.out" .const:xdc_runtime_Startup_execImpl__C ==> .const:xdc_runtime_Startup_execImpl__C
   "spp_ble_server_cc2650lp_app.out" .const:xdc_runtime_Startup_maxPasses__C ==> .const:xdc_runtime_Startup_maxPasses__C
   "spp_ble_server_cc2650lp_app.out" .const:xdc_runtime_Startup_sfxnRts__C ==> .const:xdc_runtime_Startup_sfxnRts__C
   "spp_ble_server_cc2650lp_app.out" .const:xdc_runtime_Startup_sfxnTab__C ==> .const:xdc_runtime_Startup_sfxnTab__C
   "spp_ble_server_cc2650lp_app.out" .const:xdc_runtime_Startup_startModsFxn__C ==> .const:xdc_runtime_Startup_startModsFxn__C
   "spp_ble_server_cc2650lp_app.out" .const:xdc_runtime_SysCallback_abortFxn__C ==> .const:xdc_runtime_SysCallback_abortFxn__C
   "spp_ble_server_cc2650lp_app.out" .const:xdc_runtime_SysCallback_exitFxn__C ==> .const:xdc_runtime_SysCallback_exitFxn__C
   "spp_ble_server_cc2650lp_app.out" .const:xdc_runtime_System_abortFxn__C ==> .const:xdc_runtime_System_abortFxn__C
   "spp_ble_server_cc2650lp_app.out" .const:xdc_runtime_System_exitFxn__C ==> .const:xdc_runtime_System_exitFxn__C
   "spp_ble_server_cc2650lp_app.out" .const:xdc_runtime_System_maxAtexitHandlers__C ==> .const:xdc_runtime_System_maxAtexitHandlers__C
   "spp_ble_server_cc2650lp_app.out" .const:xdc_runtime_Text_charTab__C ==> .const:xdc_runtime_Text_charTab__C
   "spp_ble_server_cc2650lp_app.out" .const:xdc_runtime_Text_nameEmpty__C ==> .const:xdc_runtime_Text_nameEmpty__C
   "spp_ble_server_cc2650lp_app.out" .const:xdc_runtime_Text_nameStatic__C ==> .const:xdc_runtime_Text_nameStatic__C
   "spp_ble_server_cc2650lp_app.out" .const:xdc_runtime_Text_nameUnknown__C ==> .const:xdc_runtime_Text_nameUnknown__C
   "spp_ble_server_cc2650lp_app.out" .const:xdc_runtime_Main_Module__id__C ==> .const:xdc_runtime_Main_Module__id__C
   "spp_ble_server_cc2650lp_app.out" .const:xdc_runtime_Memory_Module__id__C ==> .const:xdc_runtime_Memory_Module__id__C
   "spp_ble_server_cc2650lp_app.out" .const:xdc_runtime_Text_charCnt__C ==> .const:xdc_runtime_Text_charCnt__C
   "spp_ble_server_cc2650lp_app.out" .const:xdc_runtime_Text_isLoaded__C ==> .const:xdc_runtime_Text_isLoaded__C
   "spp_ble_server_cc2650lp_app.out" .const:xdc_runtime_Error_policy__C ==> .const:xdc_runtime_Error_policy__C
   "spp_ble_server_cc2650lp_app.out" .const:ti_sysbios_rom_ROM_AONRTCChannelEnable ==> .const:ti_sysbios_rom_ROM_AONRTCChannelEnable
   "spp_ble_server_cc2650lp_app.out" .const:ti_sysbios_rom_ROM_AONRTCCompareValueSet ==> .const:ti_sysbios_rom_ROM_AONRTCCompareValueSet
   "spp_ble_server_cc2650lp_app.out" .const:ti_sysbios_rom_ROM_AONRTCCurrentCompareValueGet ==> .const:ti_sysbios_rom_ROM_AONRTCCurrentCompareValueGet
   "spp_ble_server_cc2650lp_app.out" .const:ti_sysbios_rom_ROM_AONRTCEventClear ==> .const:ti_sysbios_rom_ROM_AONRTCEventClear
   "spp_ble_server_cc2650lp_app.out" .const:ti_sysbios_rom_ROM_ti_sysbios_family_arm_cc26xx_Timer_getCount64__E ==> .const:ti_sysbios_rom_ROM_ti_sysbios_family_arm_cc26xx_Timer_getCount64__E
   "spp_ble_server_cc2650lp_app.out" .const:ti_sysbios_rom_ROM_ti_sysbios_family_arm_cc26xx_Timer_getCurrentTick__E ==> .const:ti_sysbios_rom_ROM_ti_sysbios_family_arm_cc26xx_Timer_getCurrentTick__E
   "spp_ble_server_cc2650lp_app.out" .const:ti_sysbios_rom_ROM_ti_sysbios_family_arm_cc26xx_Timer_getMaxTicks__E ==> .const:ti_sysbios_rom_ROM_ti_sysbios_family_arm_cc26xx_Timer_getMaxTicks__E
   "spp_ble_server_cc2650lp_app.out" .const:ti_sysbios_rom_ROM_ti_sysbios_family_arm_cc26xx_Timer_initDevice__I ==> .const:ti_sysbios_rom_ROM_ti_sysbios_family_arm_cc26xx_Timer_initDevice__I
   "spp_ble_server_cc2650lp_app.out" .const:ti_sysbios_rom_ROM_ti_sysbios_family_arm_cc26xx_Timer_setNextTick__E ==> .const:ti_sysbios_rom_ROM_ti_sysbios_family_arm_cc26xx_Timer_setNextTick__E
   "spp_ble_server_cc2650lp_app.out" .const:ti_sysbios_rom_ROM_ti_sysbios_family_arm_cc26xx_Timer_setThreshold__I ==> .const:ti_sysbios_rom_ROM_ti_sysbios_family_arm_cc26xx_Timer_setThreshold__I
   "spp_ble_server_cc2650lp_app.out" .const:ti_sysbios_rom_ROM_ti_sysbios_family_arm_cc26xx_Timer_start__E ==> .const:ti_sysbios_rom_ROM_ti_sysbios_family_arm_cc26xx_Timer_start__E
   "spp_ble_server_cc2650lp_app.out" .const:ti_sysbios_rom_ROM_ti_sysbios_family_arm_cc26xx_TimestampProvider_get32__E ==> .const:ti_sysbios_rom_ROM_ti_sysbios_family_arm_cc26xx_TimestampProvider_get32__E
   "spp_ble_server_cc2650lp_app.out" .const:ti_sysbios_rom_ROM_xdc_runtime_Startup_getState__I ==> .const:ti_sysbios_rom_ROM_xdc_runtime_Startup_getState__I
   "spp_ble_server_cc2650lp_app.out" .const:ti_sysbios_rom_ROM_xdc_runtime_System_SupportProxy_abort__E ==> .const:ti_sysbios_rom_ROM_xdc_runtime_System_SupportProxy_abort__E
   "spp_ble_server_cc2650lp_app.out" .const:ti_sysbios_rom_ROM_xdc_runtime_System_SupportProxy_exit__E ==> .const:ti_sysbios_rom_ROM_xdc_runtime_System_SupportProxy_exit__E
   "spp_ble_server_cc2650lp_app.out" .const:ti_sysbios_gates_GateMutex_Instance_State_sem__O ==> .const:ti_sysbios_gates_GateMutex_Instance_State_sem__O
   "spp_ble_server_cc2650lp_app.out" .const:ti_sysbios_knl_Clock_Module_State_clockQ__O ==> .const:ti_sysbios_knl_Clock_Module_State_clockQ__O
   "spp_ble_server_cc2650lp_app.out" .const:ti_sysbios_knl_Mailbox_Instance_State_dataQue__O ==> .const:ti_sysbios_knl_Mailbox_Instance_State_dataQue__O
   "spp_ble_server_cc2650lp_app.out" .const:ti_sysbios_knl_Mailbox_Instance_State_dataSem__O ==> .const:ti_sysbios_knl_Mailbox_Instance_State_dataSem__O
   "spp_ble_server_cc2650lp_app.out" .const:ti_sysbios_knl_Mailbox_Instance_State_freeQue__O ==> .const:ti_sysbios_knl_Mailbox_Instance_State_freeQue__O
   "spp_ble_server_cc2650lp_app.out" .const:ti_sysbios_knl_Mailbox_Instance_State_freeSem__O ==> .const:ti_sysbios_knl_Mailbox_Instance_State_freeSem__O
   "spp_ble_server_cc2650lp_app.out" .const:ti_sysbios_knl_Semaphore_Instance_State_pendQ__O ==> .const:ti_sysbios_knl_Semaphore_Instance_State_pendQ__O
   "spp_ble_server_cc2650lp_app.out" .const:ti_sysbios_knl_Task_Module_State_inactiveQ__O ==> .const:ti_sysbios_knl_Task_Module_State_inactiveQ__O
   "spp_ble_server_cc2650lp_app.out" .text.4 ==> .text.4
   "spp_ble_server_cc2650lp_app.out" .const ==> .const
   "spp_ble_server_cc2650lp_app.out" .args ==> .args
   "spp_ble_server_cc2650lp_app.out" .cinit ==> .cinit
   "spp_ble_server_cc2650lp_app.out" .ccfg ==> .ccfg
 

**** Build Finished ****
